<?xml version="1.0" encoding="UTF-8"?>
<!-- Generated by org.testng.reporters.JUnitReportReporter -->
<testsuite hostname="DESKTOP-H2ULFNK" failures="0" tests="1" name="JavaSE_Test" time="40.999" errors="0" timestamp="2021-01-05T08:09:53 IST" skipped="0">
  <testcase classname="JavaSE_Test" name="Login" time="40.999"/>
  <system-out/>
</testsuite> <!-- JavaSE_Test -->
